Arguments: 
  C:\Program Files\nodejs\node.exe C:\Program Files (x86)\Yarn\bin\yarn.js install

PATH: 
  C:\WINDOWS\system32;C:\WINDOWS;C:\WINDOWS\System32\Wbem;C:\WINDOWS\System32\WindowsPowerShell\v1.0\;C:\WINDOWS\System32\OpenSSH\;;C:\Program Files\Git\cmd;C:\Program Files (x86)\Yarn\bin\;C:\Program Files\nodejs\;C:\Program Files\dotnet\;C:\Program Files\Intel\WiFi\bin\;C:\Program Files\Common Files\Intel\WirelessCommon\;C:\Program Files (x86)\Intel\Intel(R) Management Engine Components\DAL;C:\Program Files\Intel\Intel(R) Management Engine Components\DAL;C:\Users\munaashe\AppData\Local\Programs\Python\Python311\Scripts\;C:\Users\munaashe\AppData\Local\Programs\Python\Python311\;C:\Program Files\MySQL\MySQL Shell 8.3\bin\;C:\Users\munaashe\AppData\Local\Microsoft\WindowsApps;;C:\Users\munaashe\AppData\Local\Programs\Microsoft VS Code\bin;C:\Users\munaashe\AppData\Local\GitHubDesktop\bin;C:\Users\munaashe\AppData\Local\Yarn\bin;C:\Users\munaashe\AppData\Roaming\npm

Yarn version: 
  1.22.19

Node version: 
  20.9.0

Platform: 
  win32 x64

Trace: 
  Error: getaddrinfo ENOTFOUND registry.yarnpkg.com
      at GetAddrInfoReqWrap.onlookupall [as oncomplete] (node:dns:118:26)

npm manifest: 
  {
    "name": "json-server-vercel",
    "version": "1.0.0",
    "description": "Deploy JSON Server to Vercel",
    "main": "api/server.js",
    "scripts": {
      "start": "node api/server.js"
    },
    "dependencies": {
      "json-server": "^0.17.4"
    }
  }

yarn manifest: 
  No manifest

Lockfile: 
  No lockfile
